<?xml version="1.0" encoding="UTF-8"?>
<!-- Generated by org.testng.reporters.JUnitReportReporter -->
<testsuite ignored="0" hostname="DESKTOP-ISMAEL" failures="0" tests="1" name="pruebaFacebook.pruebaTest" time="21.121" errors="0" timestamp="27 ene. 2024 15:44:41 GMT" skipped="0">
  <testcase classname="pruebaFacebook.pruebaTest" name="f" time="21.121"/>
</testsuite> <!-- pruebaFacebook.pruebaTest -->
