<?xml version="1.0" encoding="UTF-8"?>
<!-- Generated by org.testng.reporters.JUnitReportReporter -->
<testsuite ignored="0" hostname="DESKTOP-ISMAEL" failures="0" tests="1" name="pruebaFacebook.pruebaTest" time="8.767" errors="0" timestamp="20 ene. 2024 21:27:09 GMT" skipped="0">
  <testcase classname="pruebaFacebook.pruebaTest" name="f" time="8.767"/>
</testsuite> <!-- pruebaFacebook.pruebaTest -->
