<?xml version="1.0" encoding="UTF-8"?>
<!-- Generated by org.testng.reporters.JUnitReportReporter -->
<testsuite ignored="0" hostname="DESKTOP-ISMAEL" failures="0" tests="1" name="pruebaFacebook.pruebaTest" time="10.343" errors="0" timestamp="20 ene. 2024 22:32:20 GMT" skipped="0">
  <testcase classname="pruebaFacebook.pruebaTest" name="f" time="10.343"/>
</testsuite> <!-- pruebaFacebook.pruebaTest -->
