<?xml version="1.0" encoding="UTF-8"?>
<!-- Generated by org.testng.reporters.JUnitReportReporter -->
<testsuite ignored="0" hostname="DESKTOP-ISMAEL" failures="0" tests="1" name="pruebaFacebook.pruebaTest" time="19.378" errors="0" timestamp="23 ene. 2024 03:56:34 GMT" skipped="0">
  <testcase classname="pruebaFacebook.pruebaTest" name="f" time="19.378"/>
</testsuite> <!-- pruebaFacebook.pruebaTest -->
