<?xml version="1.0" encoding="UTF-8"?>
<!-- Generated by org.testng.reporters.JUnitReportReporter -->
<testsuite ignored="0" hostname="DESKTOP-ISMAEL" failures="0" tests="1" name="pruebaFacebook.pruebaTest" time="12.453" errors="0" timestamp="23 ene. 2024 03:43:49 GMT" skipped="0">
  <testcase classname="pruebaFacebook.pruebaTest" name="f" time="12.453"/>
</testsuite> <!-- pruebaFacebook.pruebaTest -->
